#
# A fatal error has been detected by the Java Runtime Environment:
#
#  SIGSEGV (0xb) at pc=0x00007f9cf69cdb98, pid=306394, tid=306411
#
# JRE version: OpenJDK Runtime Environment (11.0.2+9) (build 11.0.2+9)
# Java VM: OpenJDK 64-Bit Server VM (11.0.2+9, mixed mode, tiered, compressed oops, g1 gc, linux-amd64)
# Problematic frame:
# V  [libjvm.so+0xbcdb98]  Node::clone() const+0x38
#
# No core dump will be written. Core dumps have been disabled. To enable core dumping, try "ulimit -c unlimited" before starting Java again
#
# If you would like to submit a bug report, please visit:
#   http://bugreport.java.com/bugreport/crash.jsp
#

---------------  S U M M A R Y ------------

Command Line: -Djava.awt.headless=true -javaagent:/tmp/17401914373800525084932315219218023891507185199146.jar -Dclassworlds.conf=/usr/share/maven/bin/m2.conf -Dmaven.home=/usr/share/maven -Dlibrary.jansi.path=/usr/share/maven/lib/jansi-native -Dmaven.multiModuleProjectDirectory=/code/concordia/SOEN-345-Lab/repo/compress/1f org.pitest.mutationtest.execute.MutationTestMinion 43091

Host: AMD Ryzen 7 5825U with Radeon Graphics, 16 cores, 7G, Ubuntu 22.04.5 LTS
Time: Fri Feb 21 21:54:29 2025 EST elapsed time: 1 seconds (0d 0h 0m 1s)

---------------  T H R E A D  ---------------

Current thread (0x00007f9ca0087000):  JavaThread "C2 CompilerThread1" daemon [_thread_in_native, id=306411, stack(0x00007f9cc81ef000,0x00007f9cc82ef000)]


Current CompileTask:
C2:   1349 2215       4       org.apache.commons.compress.compressors.bzip2.BZip2CompressorInputStream::setupBlock (222 bytes)

Stack: [0x00007f9cc81ef000,0x00007f9cc82ef000],  sp=0x00007f9cc82e9da0,  free space=1003k
Native frames: (J=compiled Java code, A=aot compiled Java code, j=interpreted, Vv=VM code, C=native code)
V  [libjvm.so+0xbcdb98]  Node::clone() const+0x38
V  [libjvm.so+0xace7c4]  PhaseMacroExpand::generate_slow_arraycopy(ArrayCopyNode*, Node**, Node*, Node**, TypePtr const*, Node*, Node*, Node*, Node*, Node*, bool)+0x474
V  [libjvm.so+0xad1783]  PhaseMacroExpand::generate_arraycopy(ArrayCopyNode*, AllocateArrayNode*, Node**, MergeMemNode*, Node**, TypePtr const*, BasicType, Node*, Node*, Node*, Node*, Node*, bool, bool, RegionNode*)+0xf63
V  [libjvm.so+0xad42a7]  PhaseMacroExpand::expand_arraycopy_node(ArrayCopyNode*)+0x697
V  [libjvm.so+0xaca8eb]  PhaseMacroExpand::expand_macro_nodes()+0x79b
V  [libjvm.so+0x63ad82]  Compile::Optimize()+0xd52
V  [libjvm.so+0x63bb5a]  Compile::Compile(ciEnv*, C2Compiler*, ciMethod*, int, bool, bool, bool, DirectiveSet*)+0xbea
V  [libjvm.so+0x547561]  C2Compiler::compile_method(ciEnv*, ciMethod*, int, DirectiveSet*)+0xb1
V  [libjvm.so+0x645b4c]  CompileBroker::invoke_compiler_on_method(CompileTask*)+0x4fc
V  [libjvm.so+0x6476c8]  CompileBroker::compiler_thread_loop()+0x598
V  [libjvm.so+0xdc2b0d]  JavaThread::thread_main_inner()+0x21d
V  [libjvm.so+0xdc2eb7]  JavaThread::run()+0x377
V  [libjvm.so+0xc076a0]  thread_native_entry(Thread*)+0xf0


siginfo: si_signo: 11 (SIGSEGV), si_code: 1 (SEGV_MAPERR), si_addr: 0x0000000000000000

Register to memory mapping:

RAX=0x00007f9cc82ed990 is pointing into the stack for thread: 0x00007f9ca0087000
RBX=0x00007f9cc82ea220 is pointing into the stack for thread: 0x00007f9ca0087000
RCX=0x00007f9ca0284194 points into unknown readable memory: 1f 00 00 00
RDX=0x00007f9ca0088700 points into unknown readable memory: 03 00 00 00 00 00 00 00
RSP=0x00007f9cc82e9da0 is pointing into the stack for thread: 0x00007f9ca0087000
RBP=0x00007f9cc82e9df0 is pointing into the stack for thread: 0x00007f9ca0087000
RSI=0x000000000000001f is an unknown value
RDI=0x0 is NULL
R8 =0x0 is NULL
R9 =0x00007f9cac019f60 points into unknown readable memory: f0 06 15 f7 9c 7f 00 00
R10=0x0 is NULL
R11=0x0 is NULL
R12=0x0 is NULL
R13=0x00007f9cc82ecd50 is pointing into the stack for thread: 0x00007f9ca0087000
R14=0x0000000000000009 is an unknown value
R15=0x00007f9c64218fb0 points into unknown readable memory: 90 b0 1d f7 9c 7f 00 00


Registers:
RAX=0x00007f9cc82ed990, RBX=0x00007f9cc82ea220, RCX=0x00007f9ca0284194, RDX=0x00007f9ca0088700
RSP=0x00007f9cc82e9da0, RBP=0x00007f9cc82e9df0, RSI=0x000000000000001f, RDI=0x0000000000000000
R8 =0x0000000000000000, R9 =0x00007f9cac019f60, R10=0x0000000000000000, R11=0x0000000000000000
R12=0x0000000000000000, R13=0x00007f9cc82ecd50, R14=0x0000000000000009, R15=0x00007f9c64218fb0
RIP=0x00007f9cf69cdb98, EFLAGS=0x0000000000010206, CSGSFS=0x002b000000000033, ERR=0x0000000000000004
  TRAPNO=0x000000000000000e

Top of Stack: (sp=0x00007f9cc82e9da0)
0x00007f9cc82e9da0:   00007f9cc82e9df0 00007f9cf6a5d303
0x00007f9cc82e9db0:   00007f9cc82e9df0 00007f9cf6966b68
0x00007f9cc82e9dc0:   00007f9cc82e9df0 00007f9cc82ea220
0x00007f9cc82e9dd0:   00007f9c64219230 00007f9c64219270 

Instructions: (pc=0x00007f9cf69cdb98)
0x00007f9cf69cdb78:   54 d4 82 00 66 66 48 e8 0c 3f 6a ff 4c 89 e7 48
0x00007f9cf69cdb88:   8b 00 48 8b 80 f0 04 00 00 4c 8b a8 88 00 00 00
0x00007f9cf69cdb98:   49 8b 04 24 ff 50 08 41 89 c6 49 8b 04 24 4c 89
0x00007f9cf69cdba8:   e7 4d 8d bd d8 01 00 00 ff 50 08 41 8b 54 24 1c 

Stack slot to memory mapping:
stack at sp + 0 slots: 0x00007f9cc82e9df0 is pointing into the stack for thread: 0x00007f9ca0087000
stack at sp + 1 slots: 0x00007f9cf6a5d303: <offset 0x0000000000c5d303> in /java/jdk-11.0.2/lib/server/libjvm.so at 0x00007f9cf5e00000
stack at sp + 2 slots: 0x00007f9cc82e9df0 is pointing into the stack for thread: 0x00007f9ca0087000
stack at sp + 3 slots: 0x00007f9cf6966b68: <offset 0x0000000000b66b68> in /java/jdk-11.0.2/lib/server/libjvm.so at 0x00007f9cf5e00000
stack at sp + 4 slots: 0x00007f9cc82e9df0 is pointing into the stack for thread: 0x00007f9ca0087000
stack at sp + 5 slots: 0x00007f9cc82ea220 is pointing into the stack for thread: 0x00007f9ca0087000
stack at sp + 6 slots: 0x00007f9c64219230 points into unknown readable memory: 70 63 1f f7 9c 7f 00 00
stack at sp + 7 slots: 0x00007f9c64219270 points into unknown readable memory: 78 46 1f f7 9c 7f 00 00


---------------  P R O C E S S  ---------------

Threads class SMR info:
_java_thread_list=0x00007f9cf06d5ac0, length=20, elements={
0x00007f9cf0016000, 0x00007f9cf01dd000, 0x00007f9cf01e1800, 0x00007f9cf01f2800,
0x00007f9cf01f5000, 0x00007f9cf01f7000, 0x00007f9cf01f9000, 0x00007f9cf02a6000,
0x00007f9ca0087000, 0x00007f9cf0303000, 0x00007f9ca00d6000, 0x00007f9ca017b000,
0x00007f9ca017c800, 0x00007f9ca017f000, 0x00007f9c8001a800, 0x00007f9c80034000,
0x00007f9c80036000, 0x00007f9c80002000, 0x00007f9c80004000, 0x00007f9cf06dc000
}

Java Threads: ( => current thread )
  0x00007f9cf0016000 JavaThread "main" [_thread_blocked, id=306397, stack(0x00007f9cf72d7000,0x00007f9cf73d7000)]
  0x00007f9cf01dd000 JavaThread "Reference Handler" daemon [_thread_blocked, id=306404, stack(0x00007f9cc88ef000,0x00007f9cc89ef000)]
  0x00007f9cf01e1800 JavaThread "Finalizer" daemon [_thread_blocked, id=306405, stack(0x00007f9cc87ef000,0x00007f9cc88ef000)]
  0x00007f9cf01f2800 JavaThread "Signal Dispatcher" daemon [_thread_blocked, id=306406, stack(0x00007f9cc86ef000,0x00007f9cc87ef000)]
  0x00007f9cf01f5000 JavaThread "C2 CompilerThread0" daemon [_thread_in_native, id=306407, stack(0x00007f9cc85ef000,0x00007f9cc86ef000)]
  0x00007f9cf01f7000 JavaThread "C1 CompilerThread0" daemon [_thread_blocked, id=306408, stack(0x00007f9cc84ef000,0x00007f9cc85ef000)]
  0x00007f9cf01f9000 JavaThread "Sweeper thread" daemon [_thread_blocked, id=306409, stack(0x00007f9cc83ef000,0x00007f9cc84ef000)]
  0x00007f9cf02a6000 JavaThread "Common-Cleaner" daemon [_thread_blocked, id=306410, stack(0x00007f9cc82ef000,0x00007f9cc83ef000)]
=>0x00007f9ca0087000 JavaThread "C2 CompilerThread1" daemon [_thread_in_native, id=306411, stack(0x00007f9cc81ef000,0x00007f9cc82ef000)]
  0x00007f9cf0303000 JavaThread "Service Thread" daemon [_thread_blocked, id=306412, stack(0x00007f9cc80ef000,0x00007f9cc81ef000)]
  0x00007f9ca00d6000 JavaThread "C1 CompilerThread1" daemon [_thread_blocked, id=306414, stack(0x00007f9c97b00000,0x00007f9c97c00000)]
  0x00007f9ca017b000 JavaThread "C1 CompilerThread2" daemon [_thread_blocked, id=306415, stack(0x00007f9c97700000,0x00007f9c97800000)]
  0x00007f9ca017c800 JavaThread "C1 CompilerThread3" daemon [_thread_blocked, id=306416, stack(0x00007f9c97300000,0x00007f9c97400000)]
  0x00007f9ca017f000 JavaThread "C2 CompilerThread2" daemon [_thread_blocked, id=306417, stack(0x00007f9c96d00000,0x00007f9c96e00000)]
  0x00007f9c8001a800 JavaThread "C2 CompilerThread3" daemon [_thread_blocked, id=306418, stack(0x00007f9c96900000,0x00007f9c96a00000)]
  0x00007f9c80034000 JavaThread "C2 CompilerThread4" daemon [_thread_blocked, id=306419, stack(0x00007f9c96800000,0x00007f9c96900000)]
  0x00007f9c80036000 JavaThread "C2 CompilerThread5" daemon [_thread_in_native, id=306420, stack(0x00007f9c96700000,0x00007f9c96800000)]
  0x00007f9c80002000 JavaThread "C2 CompilerThread6" daemon [_thread_blocked, id=306421, stack(0x00007f9c96600000,0x00007f9c96700000)]
  0x00007f9c80004000 JavaThread "C2 CompilerThread7" daemon [_thread_in_native, id=306422, stack(0x00007f9c96500000,0x00007f9c96600000)]
  0x00007f9cf06dc000 JavaThread "mutationTestThread" daemon [_thread_in_Java, id=306466, stack(0x00007f9c96200000,0x00007f9c96300000)]

Other Threads:
  0x00007f9cf01d5000 VMThread "VM Thread" [stack: 0x00007f9cc89f1000,0x00007f9cc8af1000] [id=306403]
  0x00007f9cf0305800 WatcherThread [stack: 0x00007f9c97f00000,0x00007f9c98000000] [id=306413]
  0x00007f9cf003f800 GCTaskThread "GC Thread#0" [stack: 0x00007f9cf5900000,0x00007f9cf5a00000] [id=306398]
  0x00007f9cbc006000 GCTaskThread "GC Thread#1" [stack: 0x00007f9c96100000,0x00007f9c96200000] [id=306424]
  0x00007f9cf006f800 ConcurrentGCThread "G1 Main Marker" [stack: 0x00007f9cd0370000,0x00007f9cd0470000] [id=306399]
  0x00007f9cf0071800 ConcurrentGCThread "G1 Conc#0" [stack: 0x00007f9cd026e000,0x00007f9cd036e000] [id=306400]
  0x00007f9cf010b800 ConcurrentGCThread "G1 Refine#0" [stack: 0x00007f9cc93f5000,0x00007f9cc94f5000] [id=306401]
  0x00007f9cf010d000 ConcurrentGCThread "G1 Young RemSet Sampling" [stack: 0x00007f9cc92f3000,0x00007f9cc93f3000] [id=306402]

Threads with active compile tasks:
C2 CompilerThread02089 %     4       org.pitest.reloc.asm.ClassReader::readCode @ 2232 (5109 bytes)
C2 CompilerThread12215       4       org.apache.commons.compress.compressors.bzip2.BZip2CompressorInputStream::setupBlock (222 bytes)
C2 CompilerThread52159       4       org.pitest.reloc.asm.Frame::execute (2318 bytes)
C2 CompilerThread72196       4       org.pitest.reloc.asm.MethodWriter::computeAllFrames (510 bytes)

VM state:not at safepoint (normal execution)

VM Mutex/Monitor currently owned by a thread: None

Heap address: 0x0000000088e00000, size: 1906 MB, Compressed Oops mode: 32-bit
Narrow klass base: 0x0000000000000000, Narrow klass shift: 3
Compressed class space size: 1073741824 Address: 0x0000000100000000

Heap:
 garbage-first heap   total 122880K, used 92488K [0x0000000088e00000, 0x0000000100000000)
  region size 1024K, 56 young (57344K), 3 survivors (3072K)
 Metaspace       used 15401K, capacity 15740K, committed 15872K, reserved 1062912K
  class space    used 1406K, capacity 1527K, committed 1536K, reserved 1048576K
Heap Regions: E=young(eden), S=young(survivor), O=old, HS=humongous(starts), HC=humongous(continues), CS=collection set, F=free, A=archive, TAMS=top-at-mark-start (previous, next)
|   0|0x0000000088e00000, 0x0000000088e52200, 0x0000000088f00000| 32%| O|  |TAMS 0x0000000088e00000, 0x0000000088e00000| Untracked 
|   1|0x0000000088f00000, 0x0000000089000000, 0x0000000089000000|100%|HS|  |TAMS 0x0000000088f00000, 0x0000000088f00000| Complete 
|   2|0x0000000089000000, 0x0000000089100000, 0x0000000089100000|100%|HS|  |TAMS 0x0000000089000000, 0x0000000089000000| Complete 
|   3|0x0000000089100000, 0x0000000089200000, 0x0000000089200000|100%|HS|  |TAMS 0x0000000089100000, 0x0000000089100000| Complete 
|   4|0x0000000089200000, 0x0000000089300000, 0x0000000089300000|100%|HS|  |TAMS 0x0000000089200000, 0x0000000089200000| Complete 
|   5|0x0000000089300000, 0x0000000089400000, 0x0000000089400000|100%|HS|  |TAMS 0x0000000089300000, 0x0000000089300000| Complete 
|   6|0x0000000089400000, 0x0000000089500000, 0x0000000089500000|100%|HS|  |TAMS 0x0000000089400000, 0x0000000089400000| Complete 
|   7|0x0000000089500000, 0x0000000089600000, 0x0000000089600000|100%|HS|  |TAMS 0x0000000089500000, 0x0000000089500000| Complete 
|   8|0x0000000089600000, 0x0000000089700000, 0x0000000089700000|100%|HS|  |TAMS 0x0000000089600000, 0x0000000089600000| Complete 
|   9|0x0000000089700000, 0x0000000089800000, 0x0000000089800000|100%|HS|  |TAMS 0x0000000089700000, 0x0000000089700000| Complete 
|  10|0x0000000089800000, 0x0000000089900000, 0x0000000089900000|100%|HS|  |TAMS 0x0000000089800000, 0x0000000089800000| Complete 
|  11|0x0000000089900000, 0x0000000089a00000, 0x0000000089a00000|100%|HS|  |TAMS 0x0000000089900000, 0x0000000089900000| Complete 
|  12|0x0000000089a00000, 0x0000000089b00000, 0x0000000089b00000|100%|HS|  |TAMS 0x0000000089a00000, 0x0000000089a00000| Complete 
|  13|0x0000000089b00000, 0x0000000089c00000, 0x0000000089c00000|100%|HS|  |TAMS 0x0000000089b00000, 0x0000000089b00000| Complete 
|  14|0x0000000089c00000, 0x0000000089d00000, 0x0000000089d00000|100%|HS|  |TAMS 0x0000000089c00000, 0x0000000089c00000| Complete 
|  15|0x0000000089d00000, 0x0000000089e00000, 0x0000000089e00000|100%|HS|  |TAMS 0x0000000089d00000, 0x0000000089d00000| Complete 
|  16|0x0000000089e00000, 0x0000000089f00000, 0x0000000089f00000|100%|HS|  |TAMS 0x0000000089e00000, 0x0000000089e00000| Complete 
|  17|0x0000000089f00000, 0x000000008a000000, 0x000000008a000000|100%|HS|  |TAMS 0x0000000089f00000, 0x0000000089f00000| Complete 
|  18|0x000000008a000000, 0x000000008a100000, 0x000000008a100000|100%|HS|  |TAMS 0x000000008a000000, 0x000000008a000000| Complete 
|  19|0x000000008a100000, 0x000000008a200000, 0x000000008a200000|100%|HS|  |TAMS 0x000000008a100000, 0x000000008a100000| Complete 
|  20|0x000000008a200000, 0x000000008a300000, 0x000000008a300000|100%|HS|  |TAMS 0x000000008a200000, 0x000000008a200000| Complete 
|  21|0x000000008a300000, 0x000000008a400000, 0x000000008a400000|100%|HS|  |TAMS 0x000000008a300000, 0x000000008a300000| Complete 
|  22|0x000000008a400000, 0x000000008a500000, 0x000000008a500000|100%|HS|  |TAMS 0x000000008a400000, 0x000000008a400000| Complete 
|  23|0x000000008a500000, 0x000000008a600000, 0x000000008a600000|100%|HS|  |TAMS 0x000000008a500000, 0x000000008a500000| Complete 
|  24|0x000000008a600000, 0x000000008a700000, 0x000000008a700000|100%|HS|  |TAMS 0x000000008a600000, 0x000000008a600000| Complete 
|  25|0x000000008a700000, 0x000000008a800000, 0x000000008a800000|100%|HS|  |TAMS 0x000000008a700000, 0x000000008a700000| Complete 
|  26|0x000000008a800000, 0x000000008a900000, 0x000000008a900000|100%|HS|  |TAMS 0x000000008a800000, 0x000000008a800000| Complete 
|  27|0x000000008a900000, 0x000000008aa00000, 0x000000008aa00000|100%|HS|  |TAMS 0x000000008a900000, 0x000000008a900000| Complete 
|  28|0x000000008aa00000, 0x000000008ab00000, 0x000000008ab00000|100%|HS|  |TAMS 0x000000008aa00000, 0x000000008aa00000| Complete 
|  29|0x000000008ab00000, 0x000000008ac00000, 0x000000008ac00000|100%|HS|  |TAMS 0x000000008ab00000, 0x000000008ab00000| Complete 
|  30|0x000000008ac00000, 0x000000008ad00000, 0x000000008ad00000|100%|HS|  |TAMS 0x000000008ac00000, 0x000000008ac00000| Complete 
|  31|0x000000008ad00000, 0x000000008ae00000, 0x000000008ae00000|100%|HS|  |TAMS 0x000000008ad00000, 0x000000008ad00000| Complete 
|  32|0x000000008ae00000, 0x000000008af00000, 0x000000008af00000|100%|HS|  |TAMS 0x000000008ae00000, 0x000000008ae00000| Complete 
|  33|0x000000008af00000, 0x000000008b000000, 0x000000008b000000|100%|HS|  |TAMS 0x000000008af00000, 0x000000008af00000| Complete 
|  34|0x000000008b000000, 0x000000008b100000, 0x000000008b100000|100%|HS|  |TAMS 0x000000008b000000, 0x000000008b000000| Complete 
|  35|0x000000008b100000, 0x000000008b200000, 0x000000008b200000|100%|HS|  |TAMS 0x000000008b100000, 0x000000008b100000| Complete 
|  36|0x000000008b200000, 0x000000008b200000, 0x000000008b300000|  0%| F|  |TAMS 0x000000008b200000, 0x000000008b200000| Untracked 
|  37|0x000000008b300000, 0x000000008b300000, 0x000000008b400000|  0%| F|  |TAMS 0x000000008b300000, 0x000000008b300000| Untracked 
|  38|0x000000008b400000, 0x000000008b400000, 0x000000008b500000|  0%| F|  |TAMS 0x000000008b400000, 0x000000008b400000| Untracked 
|  39|0x000000008b500000, 0x000000008b500000, 0x000000008b600000|  0%| F|  |TAMS 0x000000008b500000, 0x000000008b500000| Untracked 
|  40|0x000000008b600000, 0x000000008b600000, 0x000000008b700000|  0%| F|  |TAMS 0x000000008b600000, 0x000000008b600000| Untracked 
|  41|0x000000008b700000, 0x000000008b700000, 0x000000008b800000|  0%| F|  |TAMS 0x000000008b700000, 0x000000008b700000| Untracked 
|  42|0x000000008b800000, 0x000000008b800000, 0x000000008b900000|  0%| F|  |TAMS 0x000000008b800000, 0x000000008b800000| Untracked 
|  43|0x000000008b900000, 0x000000008b900000, 0x000000008ba00000|  0%| F|  |TAMS 0x000000008b900000, 0x000000008b900000| Untracked 
|  44|0x000000008ba00000, 0x000000008ba00000, 0x000000008bb00000|  0%| F|  |TAMS 0x000000008ba00000, 0x000000008ba00000| Untracked 
|  45|0x000000008bb00000, 0x000000008bb00000, 0x000000008bc00000|  0%| F|  |TAMS 0x000000008bb00000, 0x000000008bb00000| Untracked 
|  46|0x000000008bc00000, 0x000000008bc00000, 0x000000008bd00000|  0%| F|  |TAMS 0x000000008bc00000, 0x000000008bc00000| Untracked 
|  47|0x000000008bd00000, 0x000000008bd00000, 0x000000008be00000|  0%| F|  |TAMS 0x000000008bd00000, 0x000000008bd00000| Untracked 
|  48|0x000000008be00000, 0x000000008be00000, 0x000000008bf00000|  0%| F|  |TAMS 0x000000008be00000, 0x000000008be00000| Untracked 
|  49|0x000000008bf00000, 0x000000008bf00000, 0x000000008c000000|  0%| F|  |TAMS 0x000000008bf00000, 0x000000008bf00000| Untracked 
|  50|0x000000008c000000, 0x000000008c000000, 0x000000008c100000|  0%| F|  |TAMS 0x000000008c000000, 0x000000008c000000| Untracked 
|  51|0x000000008c100000, 0x000000008c100000, 0x000000008c200000|  0%| F|  |TAMS 0x000000008c100000, 0x000000008c100000| Untracked 
|  52|0x000000008c200000, 0x000000008c200000, 0x000000008c300000|  0%| F|  |TAMS 0x000000008c200000, 0x000000008c200000| Untracked 
|  53|0x000000008c300000, 0x000000008c300000, 0x000000008c400000|  0%| F|  |TAMS 0x000000008c300000, 0x000000008c300000| Untracked 
|  54|0x000000008c400000, 0x000000008c400000, 0x000000008c500000|  0%| F|  |TAMS 0x000000008c400000, 0x000000008c400000| Untracked 
|  55|0x000000008c500000, 0x000000008c500000, 0x000000008c600000|  0%| F|  |TAMS 0x000000008c500000, 0x000000008c500000| Untracked 
|  56|0x000000008c600000, 0x000000008c600000, 0x000000008c700000|  0%| F|  |TAMS 0x000000008c600000, 0x000000008c600000| Untracked 
|  57|0x000000008c700000, 0x000000008c700000, 0x000000008c800000|  0%| F|  |TAMS 0x000000008c700000, 0x000000008c700000| Untracked 
|  58|0x000000008c800000, 0x000000008c800000, 0x000000008c900000|  0%| F|  |TAMS 0x000000008c800000, 0x000000008c800000| Untracked 
|  59|0x000000008c900000, 0x000000008c900000, 0x000000008ca00000|  0%| F|  |TAMS 0x000000008c900000, 0x000000008c900000| Untracked 
|  60|0x000000008ca00000, 0x000000008ca00000, 0x000000008cb00000|  0%| F|  |TAMS 0x000000008ca00000, 0x000000008ca00000| Untracked 
|  61|0x000000008cb00000, 0x000000008cb00000, 0x000000008cc00000|  0%| F|  |TAMS 0x000000008cb00000, 0x000000008cb00000| Untracked 
|  62|0x000000008cc00000, 0x000000008cc00000, 0x000000008cd00000|  0%| F|  |TAMS 0x000000008cc00000, 0x000000008cc00000| Untracked 
|  63|0x000000008cd00000, 0x000000008cd00000, 0x000000008ce00000|  0%| F|  |TAMS 0x000000008cd00000, 0x000000008cd00000| Untracked 
|  64|0x000000008ce00000, 0x000000008ced8d30, 0x000000008cf00000| 84%| E|  |TAMS 0x000000008ce00000, 0x000000008ce00000| Complete 
|  65|0x000000008cf00000, 0x000000008d000000, 0x000000008d000000|100%| E|CS|TAMS 0x000000008cf00000, 0x000000008cf00000| Complete 
|  66|0x000000008d000000, 0x000000008d100000, 0x000000008d100000|100%| E|CS|TAMS 0x000000008d000000, 0x000000008d000000| Complete 
|  67|0x000000008d100000, 0x000000008d200000, 0x000000008d200000|100%| E|CS|TAMS 0x000000008d100000, 0x000000008d100000| Complete 
|  68|0x000000008d200000, 0x000000008d300000, 0x000000008d300000|100%| E|CS|TAMS 0x000000008d200000, 0x000000008d200000| Complete 
|  69|0x000000008d300000, 0x000000008d400000, 0x000000008d400000|100%| E|CS|TAMS 0x000000008d300000, 0x000000008d300000| Complete 
|  70|0x000000008d400000, 0x000000008d500000, 0x000000008d500000|100%| E|CS|TAMS 0x000000008d400000, 0x000000008d400000| Complete 
|  71|0x000000008d500000, 0x000000008d600000, 0x000000008d600000|100%| E|CS|TAMS 0x000000008d500000, 0x000000008d500000| Complete 
|  72|0x000000008d600000, 0x000000008d700000, 0x000000008d700000|100%| E|CS|TAMS 0x000000008d600000, 0x000000008d600000| Complete 
|  73|0x000000008d700000, 0x000000008d800000, 0x000000008d800000|100%| E|CS|TAMS 0x000000008d700000, 0x000000008d700000| Complete 
|  74|0x000000008d800000, 0x000000008d900000, 0x000000008d900000|100%| E|CS|TAMS 0x000000008d800000, 0x000000008d800000| Complete 
|  75|0x000000008d900000, 0x000000008da00000, 0x000000008da00000|100%| E|CS|TAMS 0x000000008d900000, 0x000000008d900000| Complete 
|  76|0x000000008da00000, 0x000000008db00000, 0x000000008db00000|100%| E|CS|TAMS 0x000000008da00000, 0x000000008da00000| Complete 
|  77|0x000000008db00000, 0x000000008dc00000, 0x000000008dc00000|100%| E|CS|TAMS 0x000000008db00000, 0x000000008db00000| Complete 
|  78|0x000000008dc00000, 0x000000008dd00000, 0x000000008dd00000|100%| E|CS|TAMS 0x000000008dc00000, 0x000000008dc00000| Complete 
|  79|0x000000008dd00000, 0x000000008de00000, 0x000000008de00000|100%| E|CS|TAMS 0x000000008dd00000, 0x000000008dd00000| Complete 
|  80|0x000000008de00000, 0x000000008df00000, 0x000000008df00000|100%| E|CS|TAMS 0x000000008de00000, 0x000000008de00000| Complete 
|  81|0x000000008df00000, 0x000000008e000000, 0x000000008e000000|100%| E|CS|TAMS 0x000000008df00000, 0x000000008df00000| Complete 
|  82|0x000000008e000000, 0x000000008e100000, 0x000000008e100000|100%| E|CS|TAMS 0x000000008e000000, 0x000000008e000000| Complete 
|  83|0x000000008e100000, 0x000000008e200000, 0x000000008e200000|100%| E|CS|TAMS 0x000000008e100000, 0x000000008e100000| Complete 
|  84|0x000000008e200000, 0x000000008e300000, 0x000000008e300000|100%| E|CS|TAMS 0x000000008e200000, 0x000000008e200000| Complete 
|  85|0x000000008e300000, 0x000000008e400000, 0x000000008e400000|100%| E|CS|TAMS 0x000000008e300000, 0x000000008e300000| Complete 
|  86|0x000000008e400000, 0x000000008e500000, 0x000000008e500000|100%| E|CS|TAMS 0x000000008e400000, 0x000000008e400000| Complete 
|  87|0x000000008e500000, 0x000000008e600000, 0x000000008e600000|100%| E|CS|TAMS 0x000000008e500000, 0x000000008e500000| Complete 
|  88|0x000000008e600000, 0x000000008e700000, 0x000000008e700000|100%| E|CS|TAMS 0x000000008e600000, 0x000000008e600000| Complete 
|  89|0x000000008e700000, 0x000000008e800000, 0x000000008e800000|100%| E|CS|TAMS 0x000000008e700000, 0x000000008e700000| Complete 
|  90|0x000000008e800000, 0x000000008e900000, 0x000000008e900000|100%| E|CS|TAMS 0x000000008e800000, 0x000000008e800000| Complete 
|  91|0x000000008e900000, 0x000000008ea00000, 0x000000008ea00000|100%| E|CS|TAMS 0x000000008e900000, 0x000000008e900000| Complete 
|  92|0x000000008ea00000, 0x000000008eb00000, 0x000000008eb00000|100%| E|CS|TAMS 0x000000008ea00000, 0x000000008ea00000| Complete 
|  93|0x000000008eb00000, 0x000000008ec00000, 0x000000008ec00000|100%| S|CS|TAMS 0x000000008eb00000, 0x000000008eb00000| Complete 
|  94|0x000000008ec00000, 0x000000008ed00000, 0x000000008ed00000|100%| S|CS|TAMS 0x000000008ec00000, 0x000000008ec00000| Complete 
|  95|0x000000008ed00000, 0x000000008ee00000, 0x000000008ee00000|100%| S|CS|TAMS 0x000000008ed00000, 0x000000008ed00000| Complete 
|  96|0x000000008ee00000, 0x000000008ef00000, 0x000000008ef00000|100%| E|CS|TAMS 0x000000008ee00000, 0x000000008ee00000| Complete 
|  97|0x000000008ef00000, 0x000000008f000000, 0x000000008f000000|100%| E|CS|TAMS 0x000000008ef00000, 0x000000008ef00000| Complete 
|  98|0x000000008f000000, 0x000000008f100000, 0x000000008f100000|100%| E|CS|TAMS 0x000000008f000000, 0x000000008f000000| Complete 
|  99|0x000000008f100000, 0x000000008f200000, 0x000000008f200000|100%| E|CS|TAMS 0x000000008f100000, 0x000000008f100000| Complete 
| 100|0x000000008f200000, 0x000000008f300000, 0x000000008f300000|100%| E|CS|TAMS 0x000000008f200000, 0x000000008f200000| Complete 
| 101|0x000000008f300000, 0x000000008f400000, 0x000000008f400000|100%| E|CS|TAMS 0x000000008f300000, 0x000000008f300000| Complete 
| 102|0x000000008f400000, 0x000000008f500000, 0x000000008f500000|100%| E|CS|TAMS 0x000000008f400000, 0x000000008f400000| Complete 
| 103|0x000000008f500000, 0x000000008f600000, 0x000000008f600000|100%| E|CS|TAMS 0x000000008f500000, 0x000000008f500000| Complete 
| 104|0x000000008f600000, 0x000000008f700000, 0x000000008f700000|100%| E|CS|TAMS 0x000000008f600000, 0x000000008f600000| Complete 
| 105|0x000000008f700000, 0x000000008f800000, 0x000000008f800000|100%| E|CS|TAMS 0x000000008f700000, 0x000000008f700000| Complete 
| 106|0x000000008f800000, 0x000000008f900000, 0x000000008f900000|100%| E|CS|TAMS 0x000000008f800000, 0x000000008f800000| Complete 
| 107|0x000000008f900000, 0x000000008fa00000, 0x000000008fa00000|100%| E|CS|TAMS 0x000000008f900000, 0x000000008f900000| Complete 
| 108|0x000000008fa00000, 0x000000008fb00000, 0x000000008fb00000|100%| E|CS|TAMS 0x000000008fa00000, 0x000000008fa00000| Complete 
| 109|0x000000008fb00000, 0x000000008fc00000, 0x000000008fc00000|100%| E|CS|TAMS 0x000000008fb00000, 0x000000008fb00000| Complete 
| 110|0x000000008fc00000, 0x000000008fd00000, 0x000000008fd00000|100%| E|CS|TAMS 0x000000008fc00000, 0x000000008fc00000| Complete 
| 111|0x000000008fd00000, 0x000000008fe00000, 0x000000008fe00000|100%| E|CS|TAMS 0x000000008fd00000, 0x000000008fd00000| Complete 
| 112|0x000000008fe00000, 0x000000008ff00000, 0x000000008ff00000|100%| E|CS|TAMS 0x000000008fe00000, 0x000000008fe00000| Complete 
| 113|0x000000008ff00000, 0x0000000090000000, 0x0000000090000000|100%| E|CS|TAMS 0x000000008ff00000, 0x000000008ff00000| Complete 
| 114|0x0000000090000000, 0x0000000090100000, 0x0000000090100000|100%| E|CS|TAMS 0x0000000090000000, 0x0000000090000000| Complete 
| 115|0x0000000090100000, 0x0000000090200000, 0x0000000090200000|100%| E|CS|TAMS 0x0000000090100000, 0x0000000090100000| Complete 
| 116|0x0000000090200000, 0x0000000090300000, 0x0000000090300000|100%| E|CS|TAMS 0x0000000090200000, 0x0000000090200000| Complete 
| 117|0x0000000090300000, 0x0000000090400000, 0x0000000090400000|100%| E|CS|TAMS 0x0000000090300000, 0x0000000090300000| Complete 
| 118|0x0000000090400000, 0x0000000090500000, 0x0000000090500000|100%| E|CS|TAMS 0x0000000090400000, 0x0000000090400000| Complete 
| 119|0x0000000090500000, 0x0000000090600000, 0x0000000090600000|100%| E|CS|TAMS 0x0000000090500000, 0x0000000090500000| Complete 

Card table byte_map: [0x00007f9cd83e5000,0x00007f9cd879e000] _byte_map_base: 0x00007f9cd7f9e000

Marking Bits (Prev, Next): (CMBitMap*) 0x00007f9cf0067208, (CMBitMap*) 0x00007f9cf0067240
 Prev Bits: [0x00007f9cd2238000, 0x00007f9cd4000000)
 Next Bits: [0x00007f9cd0470000, 0x00007f9cd2238000)

Polling page: 0x00007f9cf7a09000

Metaspace:

Usage:
  Non-class:     13.88 MB capacity,    13.67 MB ( 98%) used,   185.62 KB (  1%) free+waste,    32.94 KB ( <1%) overhead. 
      Class:      1.49 MB capacity,     1.37 MB ( 92%) used,   105.44 KB (  7%) free+waste,    14.75 KB ( <1%) overhead. 
       Both:     15.37 MB capacity,    15.04 MB ( 98%) used,   291.06 KB (  2%) free+waste,    47.69 KB ( <1%) overhead. 

Virtual space:
  Non-class space:       14.00 MB reserved,      14.00 MB (100%) committed 
      Class space:        1.00 GB reserved,       1.50 MB ( <1%) committed 
             Both:        1.01 GB reserved,      15.50 MB (  1%) committed 

Chunk freelists:
   Non-Class:  384 bytes
       Class:  1.12 KB
        Both:  1.50 KB

CodeHeap 'non-profiled nmethods': size=119172Kb used=1441Kb max_used=1441Kb free=117731Kb
 bounds [0x00007f9ce07f7000, 0x00007f9ce0a67000, 0x00007f9ce7c58000]
CodeHeap 'profiled nmethods': size=119172Kb used=4942Kb max_used=4942Kb free=114229Kb
 bounds [0x00007f9cd9396000, 0x00007f9cd9876000, 0x00007f9ce07f7000]
CodeHeap 'non-nmethods': size=7416Kb used=2769Kb max_used=2838Kb free=4646Kb
 bounds [0x00007f9cd8c58000, 0x00007f9cd8f28000, 0x00007f9cd9396000]
 total_blobs=3271 nmethods=2211 adapters=314
 compilation: enabled
              stopped_count=0, restarted_count=0
 full_count=0

Compilation events (10 events):
Event: 1.315 Thread 0x00007f9ca017c800 nmethod 2210% 0x00007f9cd9867910 code [0x00007f9cd9867b60, 0x00007f9cd9868530]
Event: 1.315 Thread 0x00007f9c80034000 2211 %     4       org.apache.commons.compress.compressors.bzip2.BZip2CompressorInputStream::hbCreateDecodeTables @ 17 (244 bytes)
Event: 1.318 Thread 0x00007f9c80034000 nmethod 2211% 0x00007f9ce095e510 code [0x00007f9ce095e6c0, 0x00007f9ce095ea58]
Event: 1.321 Thread 0x00007f9c80002000 2212       4       org.pitest.reloc.asm.MethodVisitor::visitLdcInsn (87 bytes)
Event: 1.321 Thread 0x00007f9c80002000 nmethod 2212 0x00007f9ce095ec90 code [0x00007f9ce095ee20, 0x00007f9ce095ef18]
Event: 1.344 Thread 0x00007f9ca00d6000 2213 %     3       org.apache.commons.compress.compressors.bzip2.BZip2CompressorInputStream::setupBlock @ 66 (222 bytes)
Event: 1.345 Thread 0x00007f9ca00d6000 nmethod 2213% 0x00007f9cd9868b10 code [0x00007f9cd9868d60, 0x00007f9cd9869758]
Event: 1.345 Thread 0x00007f9ca017f000 2214 %     4       org.apache.commons.compress.compressors.bzip2.BZip2CompressorInputStream::setupBlock @ 66 (222 bytes)
Event: 1.346 Thread 0x00007f9ca017f000 nmethod 2214% 0x00007f9ce095f010 code [0x00007f9ce095f1c0, 0x00007f9ce095f338]
Event: 1.347 Thread 0x00007f9ca0087000 2215       4       org.apache.commons.compress.compressors.bzip2.BZip2CompressorInputStream::setupBlock (222 bytes)

GC Heap History (2 events):
Event: 0.434 GC heap before
{Heap before GC invocations=0 (full 0):
 garbage-first heap   total 122880K, used 24576K [0x0000000088e00000, 0x0000000100000000)
  region size 1024K, 24 young (24576K), 0 survivors (0K)
 Metaspace       used 12876K, capacity 13180K, committed 13184K, reserved 1060864K
  class space    used 1299K, capacity 1404K, committed 1408K, reserved 1048576K
}
Event: 0.439 GC heap after
{Heap after GC invocations=1 (full 0):
 garbage-first heap   total 122880K, used 3400K [0x0000000088e00000, 0x0000000100000000)
  region size 1024K, 3 young (3072K), 3 survivors (3072K)
 Metaspace       used 12876K, capacity 13180K, committed 13184K, reserved 1060864K
  class space    used 1299K, capacity 1404K, committed 1408K, reserved 1048576K
}

Deoptimization events (10 events):
Event: 0.713 Thread 0x00007f9cf0016000 Uncommon trap: reason=profile_predicate action=maybe_recompile pc=0x00007f9ce08d254c method=org.pitest.reloc.asm.MethodWriter.putFrame()V @ 253 c2
Event: 0.713 Thread 0x00007f9cf0016000 Uncommon trap: reason=profile_predicate action=maybe_recompile pc=0x00007f9ce08d254c method=org.pitest.reloc.asm.MethodWriter.putFrame()V @ 253 c2
Event: 0.713 Thread 0x00007f9cf0016000 Uncommon trap: reason=profile_predicate action=maybe_recompile pc=0x00007f9ce08d254c method=org.pitest.reloc.asm.MethodWriter.putFrame()V @ 253 c2
Event: 0.714 Thread 0x00007f9cf0016000 Uncommon trap: reason=profile_predicate action=maybe_recompile pc=0x00007f9ce08d254c method=org.pitest.reloc.asm.MethodWriter.putFrame()V @ 253 c2
Event: 0.734 Thread 0x00007f9cf0016000 Uncommon trap: reason=unstable_if action=reinterpret pc=0x00007f9ce088e610 method=java.lang.Integer.valueOf(I)Ljava/lang/Integer; @ 3 c2
Event: 1.077 Thread 0x00007f9cf0016000 Uncommon trap: reason=unstable_if action=reinterpret pc=0x00007f9ce08df048 method=org.pitest.reloc.asm.Frame.getLocal(I)I @ 29 c2
Event: 1.126 Thread 0x00007f9cf0016000 Uncommon trap: reason=unstable_if action=reinterpret pc=0x00007f9ce08cad88 method=org.pitest.mutationtest.engine.Location.equals(Ljava/lang/Object;)Z @ 68 c2
Event: 1.127 Thread 0x00007f9cf0016000 Uncommon trap: reason=bimorphic_or_optimized_type_check action=maybe_recompile pc=0x00007f9ce086dec4 method=java.util.HashMap.getNode(ILjava/lang/Object;)Ljava/util/HashMap$Node; @ 126 c2
Event: 1.156 Thread 0x00007f9cf06db800 Uncommon trap: reason=class_check action=maybe_recompile pc=0x00007f9ce08fcf04 method=java.util.AbstractCollection.toArray()[Ljava/lang/Object; @ 1 c2
Event: 1.157 Thread 0x00007f9cf06db800 Uncommon trap: reason=class_check action=maybe_recompile pc=0x00007f9ce08fcf04 method=java.util.AbstractCollection.toArray()[Ljava/lang/Object; @ 1 c2

Classes redefined (10 events):
Event: 1.094 Thread 0x00007f9cf01d5000 redefined class name=org.apache.commons.compress.compressors.bzip2.BZip2CompressorInputStream, count=29
Event: 1.119 Thread 0x00007f9cf01d5000 redefined class name=org.apache.commons.compress.compressors.bzip2.BZip2CompressorInputStream, count=30
Event: 1.145 Thread 0x00007f9cf01d5000 redefined class name=org.apache.commons.compress.compressors.bzip2.BZip2CompressorInputStream, count=31
Event: 1.180 Thread 0x00007f9cf01d5000 redefined class name=org.apache.commons.compress.compressors.bzip2.BZip2CompressorInputStream, count=32
Event: 1.207 Thread 0x00007f9cf01d5000 redefined class name=org.apache.commons.compress.compressors.bzip2.BZip2CompressorInputStream, count=33
Event: 1.233 Thread 0x00007f9cf01d5000 redefined class name=org.apache.commons.compress.compressors.bzip2.BZip2CompressorInputStream, count=34
Event: 1.258 Thread 0x00007f9cf01d5000 redefined class name=org.apache.commons.compress.compressors.bzip2.BZip2CompressorInputStream, count=35
Event: 1.284 Thread 0x00007f9cf01d5000 redefined class name=org.apache.commons.compress.compressors.bzip2.BZip2CompressorInputStream, count=36
Event: 1.309 Thread 0x00007f9cf01d5000 redefined class name=org.apache.commons.compress.compressors.bzip2.BZip2CompressorInputStream, count=37
Event: 1.338 Thread 0x00007f9cf01d5000 redefined class name=org.apache.commons.compress.compressors.bzip2.BZip2CompressorInputStream, count=38

Internal exceptions (10 events):
Event: 0.775 Thread 0x00007f9cf06d6000 Exception <a 'java/lang/reflect/InvocationTargetException'{0x000000008f1b5f58}> (0x000000008f1b5f58) thrown at [/scratch/opt/mach5/mesos/work_dir/slaves/07fc96ef-bf4d-487f-b22f-a84e49f5f44a-S39073/frameworks/1735e8a2-a1db-478c-8104-60c8b0af87dd-0196/execu
Event: 0.820 Thread 0x00007f9cf06db000 Exception <a 'java/lang/ArrayIndexOutOfBoundsException'{0x000000008eeb59d0}: Index -121925079 out of bounds for length 258> (0x000000008eeb59d0) thrown at [/scratch/opt/mach5/mesos/work_dir/slaves/07fc96ef-bf4d-487f-b22f-a84e49f5f44a-S39073/frameworks/173
Event: 0.886 Thread 0x00007f9cf06d6800 Exception <a 'java/lang/ArrayIndexOutOfBoundsException'{0x000000008e6354f0}: Index -1 out of bounds for length 256> (0x000000008e6354f0) thrown at [/scratch/opt/mach5/mesos/work_dir/slaves/07fc96ef-bf4d-487f-b22f-a84e49f5f44a-S39073/frameworks/1735e8a2-a1
Event: 1.048 Thread 0x00007f9cf06d8000 Exception <a 'java/lang/ArrayIndexOutOfBoundsException'{0x000000008ddb5bf0}: Index 18002 out of bounds for length 18002> (0x000000008ddb5bf0) thrown at [/scratch/opt/mach5/mesos/work_dir/slaves/07fc96ef-bf4d-487f-b22f-a84e49f5f44a-S39073/frameworks/1735e8
Event: 1.098 Thread 0x00007f9cf06d6800 Exception <a 'java/lang/ArrayIndexOutOfBoundsException'{0x000000008dab59c8}: Index -2 out of bounds for length 258> (0x000000008dab59c8) thrown at [/scratch/opt/mach5/mesos/work_dir/slaves/07fc96ef-bf4d-487f-b22f-a84e49f5f44a-S39073/frameworks/1735e8a2-a1
Event: 1.123 Thread 0x00007f9cf06d6800 Exception <a 'java/lang/ArrayIndexOutOfBoundsException'{0x000000008d835448}: Index -2 out of bounds for length 258> (0x000000008d835448) thrown at [/scratch/opt/mach5/mesos/work_dir/slaves/07fc96ef-bf4d-487f-b22f-a84e49f5f44a-S39073/frameworks/1735e8a2-a1
Event: 1.185 Thread 0x00007f9cf06db800 Exception <a 'java/lang/ArrayIndexOutOfBoundsException'{0x000000008d6b59c8}: Index -1 out of bounds for length 6> (0x000000008d6b59c8) thrown at [/scratch/opt/mach5/mesos/work_dir/slaves/07fc96ef-bf4d-487f-b22f-a84e49f5f44a-S39073/frameworks/1735e8a2-a1db
Event: 1.212 Thread 0x00007f9cf06db800 Exception <a 'java/lang/ArrayIndexOutOfBoundsException'{0x000000008d435478}: Index -851293721 out of bounds for length 258> (0x000000008d435478) thrown at [/scratch/opt/mach5/mesos/work_dir/slaves/07fc96ef-bf4d-487f-b22f-a84e49f5f44a-S39073/frameworks/173
Event: 1.288 Thread 0x00007f9cf06db800 Exception <a 'java/lang/ArrayIndexOutOfBoundsException'{0x000000008d035478}: Index -851293721 out of bounds for length 258> (0x000000008d035478) thrown at [/scratch/opt/mach5/mesos/work_dir/slaves/07fc96ef-bf4d-487f-b22f-a84e49f5f44a-S39073/frameworks/173
Event: 1.317 Thread 0x00007f9cf06dc000 Exception <a 'java/lang/ArrayIndexOutOfBoundsException'{0x000000008cf0f1d8}> (0x000000008cf0f1d8) thrown at [/scratch/opt/mach5/mesos/work_dir/slaves/07fc96ef-bf4d-487f-b22f-a84e49f5f44a-S39073/frameworks/1735e8a2-a1db-478c-8104-60c8b0af87dd-0196/executor

Events (10 events):
Event: 1.311 Executing VM operation: RedefineClasses done
Event: 1.311 Thread 0x00007f9cf06dc000 Thread added: 0x00007f9cf06dc000
Event: 1.318 Executing VM operation: RevokeBias
Event: 1.318 Executing VM operation: RevokeBias done
Event: 1.318 Thread 0x00007f9cf06dc000 Thread exited: 0x00007f9cf06dc000
Event: 1.324 Executing VM operation: RedefineClasses
Event: 1.340 Executing VM operation: RedefineClasses done
Event: 1.340 Thread 0x00007f9cf06dc000 Thread added: 0x00007f9cf06dc000
Event: 1.346 Thread 0x00007f9cf06dc000 DEOPT PACKING pc=0x00007f9cd986958d sp=0x00007f9c962fde50
Event: 1.346 Thread 0x00007f9cf06dc000 DEOPT UNPACKING pc=0x00007f9cd8c804ba sp=0x00007f9c962fd370 mode 0


Dynamic libraries:
00400000-00401000 r-xp 00000000 08:20 603182                             /java/jdk-11.0.2/bin/java
00600000-00601000 r--p 00000000 08:20 603182                             /java/jdk-11.0.2/bin/java
00601000-00602000 rw-p 00001000 08:20 603182                             /java/jdk-11.0.2/bin/java
022d3000-022f4000 rw-p 00000000 00:00 0                                  [heap]
88e00000-90600000 rw-p 00000000 00:00 0 
90600000-100000000 ---p 00000000 00:00 0 
100000000-100180000 rw-p 00000000 00:00 0 
100180000-140000000 ---p 00000000 00:00 0 
7f9c5c000000-7f9c5c021000 rw-p 00000000 00:00 0 
7f9c5c021000-7f9c60000000 ---p 00000000 00:00 0 
7f9c64000000-7f9c64b0d000 rw-p 00000000 00:00 0 
7f9c64b0d000-7f9c68000000 ---p 00000000 00:00 0 
7f9c68000000-7f9c6806c000 rw-p 00000000 00:00 0 
7f9c6806c000-7f9c6c000000 ---p 00000000 00:00 0 
7f9c6c000000-7f9c6ccc6000 rw-p 00000000 00:00 0 
7f9c6ccc6000-7f9c70000000 ---p 00000000 00:00 0 
7f9c70000000-7f9c70c29000 rw-p 00000000 00:00 0 
7f9c70c29000-7f9c74000000 ---p 00000000 00:00 0 
7f9c74000000-7f9c74d16000 rw-p 00000000 00:00 0 
7f9c74d16000-7f9c78000000 ---p 00000000 00:00 0 
7f9c78000000-7f9c78b98000 rw-p 00000000 00:00 0 
7f9c78b98000-7f9c7c000000 ---p 00000000 00:00 0 
7f9c7c000000-7f9c7c18f000 rw-p 00000000 00:00 0 
7f9c7c18f000-7f9c80000000 ---p 00000000 00:00 0 
7f9c80000000-7f9c80771000 rw-p 00000000 00:00 0 
7f9c80771000-7f9c84000000 ---p 00000000 00:00 0 
7f9c84000000-7f9c84203000 rw-p 00000000 00:00 0 
7f9c84203000-7f9c88000000 ---p 00000000 00:00 0 
7f9c88000000-7f9c88189000 rw-p 00000000 00:00 0 
7f9c88189000-7f9c8c000000 ---p 00000000 00:00 0 
7f9c8c000000-7f9c8c021000 rw-p 00000000 00:00 0 
7f9c8c021000-7f9c90000000 ---p 00000000 00:00 0 
7f9c90000000-7f9c90021000 rw-p 00000000 00:00 0 
7f9c90021000-7f9c94000000 ---p 00000000 00:00 0 
7f9c95a7a000-7f9c960fe000 rw-p 00000000 00:00 0 
7f9c960fe000-7f9c960ff000 ---p 00000000 00:00 0 
7f9c960ff000-7f9c96200000 rw-p 00000000 00:00 0 
7f9c96200000-7f9c96204000 ---p 00000000 00:00 0 
7f9c96204000-7f9c96500000 rw-p 00000000 00:00 0 
7f9c96500000-7f9c96504000 ---p 00000000 00:00 0 
7f9c96504000-7f9c96600000 rw-p 00000000 00:00 0 
7f9c96600000-7f9c96604000 ---p 00000000 00:00 0 
7f9c96604000-7f9c96700000 rw-p 00000000 00:00 0 
7f9c96700000-7f9c96704000 ---p 00000000 00:00 0 
7f9c96704000-7f9c96800000 rw-p 00000000 00:00 0 
7f9c96800000-7f9c96804000 ---p 00000000 00:00 0 
7f9c96804000-7f9c96900000 rw-p 00000000 00:00 0 
7f9c96900000-7f9c96904000 ---p 00000000 00:00 0 
7f9c96904000-7f9c96a00000 rw-p 00000000 00:00 0 
7f9c96a00000-7f9c96a05000 r-xp 00000000 08:20 603701                     /java/jdk-11.0.2/lib/libmanagement_ext.so
7f9c96a05000-7f9c96c04000 ---p 00005000 08:20 603701                     /java/jdk-11.0.2/lib/libmanagement_ext.so
7f9c96c04000-7f9c96c05000 r--p 00004000 08:20 603701                     /java/jdk-11.0.2/lib/libmanagement_ext.so
7f9c96c05000-7f9c96c06000 rw-p 00005000 08:20 603701                     /java/jdk-11.0.2/lib/libmanagement_ext.so
7f9c96d00000-7f9c96d04000 ---p 00000000 00:00 0 
7f9c96d04000-7f9c97000000 rw-p 00000000 00:00 0 
7f9c97000000-7f9c97004000 r-xp 00000000 08:20 603698                     /java/jdk-11.0.2/lib/libmanagement.so
7f9c97004000-7f9c97203000 ---p 00004000 08:20 603698                     /java/jdk-11.0.2/lib/libmanagement.so
7f9c97203000-7f9c97204000 r--p 00003000 08:20 603698                     /java/jdk-11.0.2/lib/libmanagement.so
7f9c97204000-7f9c97205000 rw-p 00004000 08:20 603698                     /java/jdk-11.0.2/lib/libmanagement.so
7f9c97300000-7f9c97304000 ---p 00000000 00:00 0 
7f9c97304000-7f9c97400000 rw-p 00000000 00:00 0 
7f9c97400000-7f9c97402000 r-xp 00000000 08:20 603671                     /java/jdk-11.0.2/lib/libextnet.so
7f9c97402000-7f9c97601000 ---p 00002000 08:20 603671                     /java/jdk-11.0.2/lib/libextnet.so
7f9c97601000-7f9c97602000 r--p 00001000 08:20 603671                     /java/jdk-11.0.2/lib/libextnet.so
7f9c97602000-7f9c97603000 rw-p 00002000 08:20 603671                     /java/jdk-11.0.2/lib/libextnet.so
7f9c97700000-7f9c97704000 ---p 00000000 00:00 0 
7f9c97704000-7f9c97800000 rw-p 00000000 00:00 0 
7f9c97800000-7f9c97816000 r-xp 00000000 08:20 603704                     /java/jdk-11.0.2/lib/libnet.so
7f9c97816000-7f9c97a16000 ---p 00016000 08:20 603704                     /java/jdk-11.0.2/lib/libnet.so
7f9c97a16000-7f9c97a17000 r--p 00016000 08:20 603704                     /java/jdk-11.0.2/lib/libnet.so
7f9c97a17000-7f9c97a18000 rw-p 00017000 08:20 603704                     /java/jdk-11.0.2/lib/libnet.so
7f9c97b00000-7f9c97b04000 ---p 00000000 00:00 0 
7f9c97b04000-7f9c97c00000 rw-p 00000000 00:00 0 
7f9c97c00000-7f9c97c10000 r-xp 00000000 08:20 603708                     /java/jdk-11.0.2/lib/libnio.so
7f9c97c10000-7f9c97e0f000 ---p 00010000 08:20 603708                     /java/jdk-11.0.2/lib/libnio.so
7f9c97e0f000-7f9c97e10000 r--p 0000f000 08:20 603708                     /java/jdk-11.0.2/lib/libnio.so
7f9c97e10000-7f9c97e11000 rw-p 00010000 08:20 603708                     /java/jdk-11.0.2/lib/libnio.so
7f9c97efe000-7f9c97eff000 ---p 00000000 00:00 0 
7f9c97eff000-7f9c98000000 rw-p 00000000 00:00 0 
7f9c98000000-7f9c98021000 rw-p 00000000 00:00 0 
7f9c98021000-7f9c9c000000 ---p 00000000 00:00 0 
7f9c9c000000-7f9c9c8b6000 rw-p 00000000 00:00 0 
7f9c9c8b6000-7f9ca0000000 ---p 00000000 00:00 0 
7f9ca0000000-7f9ca0381000 rw-p 00000000 00:00 0 
7f9ca0381000-7f9ca4000000 ---p 00000000 00:00 0 
7f9ca4000000-7f9ca4021000 rw-p 00000000 00:00 0 
7f9ca4021000-7f9ca8000000 ---p 00000000 00:00 0 
7f9ca8000000-7f9ca8021000 rw-p 00000000 00:00 0 
7f9ca8021000-7f9cac000000 ---p 00000000 00:00 0 
7f9cac000000-7f9cacc64000 rw-p 00000000 00:00 0 
7f9cacc64000-7f9cb0000000 ---p 00000000 00:00 0 
7f9cb0000000-7f9cb0021000 rw-p 00000000 00:00 0 
7f9cb0021000-7f9cb4000000 ---p 00000000 00:00 0 
7f9cb4000000-7f9cb4021000 rw-p 00000000 00:00 0 
7f9cb4021000-7f9cb8000000 ---p 00000000 00:00 0 
7f9cb8000000-7f9cb8021000 rw-p 00000000 00:00 0 
7f9cb8021000-7f9cbc000000 ---p 00000000 00:00 0 
7f9cbc000000-7f9cbc05b000 rw-p 00000000 00:00 0 
7f9cbc05b000-7f9cc0000000 ---p 00000000 00:00 0 
7f9cc0000000-7f9cc0021000 rw-p 00000000 00:00 0 
7f9cc0021000-7f9cc4000000 ---p 00000000 00:00 0 
7f9cc4000000-7f9cc4021000 rw-p 00000000 00:00 0 
7f9cc4021000-7f9cc8000000 ---p 00000000 00:00 0 
7f9cc80ef000-7f9cc80f3000 ---p 00000000 00:00 0 
7f9cc80f3000-7f9cc81ef000 rw-p 00000000 00:00 0 
7f9cc81ef000-7f9cc81f3000 ---p 00000000 00:00 0 
7f9cc81f3000-7f9cc82ef000 rw-p 00000000 00:00 0 
7f9cc82ef000-7f9cc82f3000 ---p 00000000 00:00 0 
7f9cc82f3000-7f9cc83ef000 rw-p 00000000 00:00 0 
7f9cc83ef000-7f9cc83f3000 ---p 00000000 00:00 0 
7f9cc83f3000-7f9cc84ef000 rw-p 00000000 00:00 0 
7f9cc84ef000-7f9cc84f3000 ---p 00000000 00:00 0 
7f9cc84f3000-7f9cc85ef000 rw-p 00000000 00:00 0 
7f9cc85ef000-7f9cc85f3000 ---p 00000000 00:00 0 
7f9cc85f3000-7f9cc86ef000 rw-p 00000000 00:00 0 
7f9cc86ef000-7f9cc86f3000 ---p 00000000 00:00 0 
7f9cc86f3000-7f9cc87ef000 rw-p 00000000 00:00 0 
7f9cc87ef000-7f9cc87f3000 ---p 00000000 00:00 0 
7f9cc87f3000-7f9cc88ef000 rw-p 00000000 00:00 0 
7f9cc88ef000-7f9cc88f3000 ---p 00000000 00:00 0 
7f9cc88f3000-7f9cc89ef000 rw-p 00000000 00:00 0 
7f9cc89ef000-7f9cc89f0000 ---p 00000000 00:00 0 
7f9cc89f0000-7f9cc92f1000 rw-p 00000000 00:00 0 
7f9cc92f1000-7f9cc92f2000 ---p 00000000 00:00 0 
7f9cc92f2000-7f9cc93f3000 rw-p 00000000 00:00 0 
7f9cc93f3000-7f9cc93f4000 ---p 00000000 00:00 0 
7f9cc93f4000-7f9ccc000000 rw-p 00000000 00:00 0 
7f9ccc000000-7f9ccc021000 rw-p 00000000 00:00 0 
7f9ccc021000-7f9cd0000000 ---p 00000000 00:00 0 
7f9cd006a000-7f9cd026c000 rw-p 00000000 00:00 0 
7f9cd026c000-7f9cd026d000 ---p 00000000 00:00 0 
7f9cd026d000-7f9cd036e000 rw-p 00000000 00:00 0 
7f9cd036e000-7f9cd036f000 ---p 00000000 00:00 0 
7f9cd036f000-7f9cd0650000 rw-p 00000000 00:00 0 
7f9cd0650000-7f9cd2238000 ---p 00000000 00:00 0 
7f9cd2238000-7f9cd2418000 rw-p 00000000 00:00 0 
7f9cd2418000-7f9cd4000000 ---p 00000000 00:00 0 
7f9cd4000000-7f9cd4021000 rw-p 00000000 00:00 0 
7f9cd4021000-7f9cd8000000 ---p 00000000 00:00 0 
7f9cd802c000-7f9cd8068000 rw-p 00000000 00:00 0 
7f9cd8068000-7f9cd83e5000 ---p 00000000 00:00 0 
7f9cd83e5000-7f9cd8421000 rw-p 00000000 00:00 0 
7f9cd8421000-7f9cd879e000 ---p 00000000 00:00 0 
7f9cd879e000-7f9cd87da000 rw-p 00000000 00:00 0 
7f9cd87da000-7f9cd8b57000 ---p 00000000 00:00 0 
7f9cd8b57000-7f9cd8c58000 rw-p 00000000 00:00 0 
7f9cd8c58000-7f9cd8f28000 rwxp 00000000 00:00 0 
7f9cd8f28000-7f9cd9396000 ---p 00000000 00:00 0 
7f9cd9396000-7f9cd9876000 rwxp 00000000 00:00 0 
7f9cd9876000-7f9ce07f7000 ---p 00000000 00:00 0 
7f9ce07f7000-7f9ce0a67000 rwxp 00000000 00:00 0 
7f9ce0a67000-7f9ce7c58000 ---p 00000000 00:00 0 
7f9ce7c58000-7f9cf0000000 r--s 00000000 08:20 603724                     /java/jdk-11.0.2/lib/modules
7f9cf0000000-7f9cf0768000 rw-p 00000000 00:00 0 
7f9cf0768000-7f9cf4000000 ---p 00000000 00:00 0 
7f9cf40f7000-7f9cf4a00000 rw-p 00000000 00:00 0 
7f9cf4a00000-7f9cf4a1b000 r-xp 00000000 08:20 603688                     /java/jdk-11.0.2/lib/libjimage.so
7f9cf4a1b000-7f9cf4c1a000 ---p 0001b000 08:20 603688                     /java/jdk-11.0.2/lib/libjimage.so
7f9cf4c1a000-7f9cf4c1c000 r--p 0001a000 08:20 603688                     /java/jdk-11.0.2/lib/libjimage.so
7f9cf4c1c000-7f9cf4c1d000 rw-p 0001c000 08:20 603688                     /java/jdk-11.0.2/lib/libjimage.so
7f9cf4cff000-7f9cf4e00000 rw-p 00000000 00:00 0 
7f9cf4e00000-7f9cf4e07000 r-xp 00000000 08:20 603723                     /java/jdk-11.0.2/lib/libzip.so
7f9cf4e07000-7f9cf5006000 ---p 00007000 08:20 603723                     /java/jdk-11.0.2/lib/libzip.so
7f9cf5006000-7f9cf5007000 r--p 00006000 08:20 603723                     /java/jdk-11.0.2/lib/libzip.so
7f9cf5007000-7f9cf5008000 rw-p 00007000 08:20 603723                     /java/jdk-11.0.2/lib/libzip.so
7f9cf50ff000-7f9cf5200000 rw-p 00000000 00:00 0 
7f9cf5200000-7f9cf520a000 r-xp 00000000 08:20 603674                     /java/jdk-11.0.2/lib/libinstrument.so
7f9cf520a000-7f9cf5409000 ---p 0000a000 08:20 603674                     /java/jdk-11.0.2/lib/libinstrument.so
7f9cf5409000-7f9cf540a000 r--p 00009000 08:20 603674                     /java/jdk-11.0.2/lib/libinstrument.so
7f9cf540a000-7f9cf540b000 rw-p 0000a000 08:20 603674                     /java/jdk-11.0.2/lib/libinstrument.so
7f9cf547e000-7f9cf5600000 rw-p 00000000 00:00 0 
7f9cf5600000-7f9cf5629000 r-xp 00000000 08:20 603681                     /java/jdk-11.0.2/lib/libjava.so
7f9cf5629000-7f9cf5828000 ---p 00029000 08:20 603681                     /java/jdk-11.0.2/lib/libjava.so
7f9cf5828000-7f9cf5829000 r--p 00028000 08:20 603681                     /java/jdk-11.0.2/lib/libjava.so
7f9cf5829000-7f9cf582b000 rw-p 00029000 08:20 603681                     /java/jdk-11.0.2/lib/libjava.so
7f9cf5847000-7f9cf58fe000 rw-p 00000000 00:00 0 
7f9cf58fe000-7f9cf58ff000 ---p 00000000 00:00 0 
7f9cf58ff000-7f9cf5a00000 rw-p 00000000 00:00 0 
7f9cf5a00000-7f9cf5a0d000 r-xp 00000000 08:20 603721                     /java/jdk-11.0.2/lib/libverify.so
7f9cf5a0d000-7f9cf5c0c000 ---p 0000d000 08:20 603721                     /java/jdk-11.0.2/lib/libverify.so
7f9cf5c0c000-7f9cf5c0e000 r--p 0000c000 08:20 603721                     /java/jdk-11.0.2/lib/libverify.so
7f9cf5c0e000-7f9cf5c0f000 rw-p 0000e000 08:20 603721                     /java/jdk-11.0.2/lib/libverify.so
7f9cf5c2e000-7f9cf5c33000 rw-p 00000000 00:00 0 
7f9cf5c33000-7f9cf5d17000 ---p 00000000 00:00 0 
7f9cf5d17000-7f9cf5d21000 rw-p 00000000 00:00 0 
7f9cf5d21000-7f9cf5e00000 ---p 00000000 00:00 0 
7f9cf5e00000-7f9cf6f3d000 r-xp 00000000 08:20 603745                     /java/jdk-11.0.2/lib/server/libjvm.so
7f9cf6f3d000-7f9cf713c000 ---p 0113d000 08:20 603745                     /java/jdk-11.0.2/lib/server/libjvm.so
7f9cf713c000-7f9cf71fb000 r--p 0113c000 08:20 603745                     /java/jdk-11.0.2/lib/server/libjvm.so
7f9cf71fb000-7f9cf7234000 rw-p 011fb000 08:20 603745                     /java/jdk-11.0.2/lib/server/libjvm.so
7f9cf7234000-7f9cf728a000 rw-p 00000000 00:00 0 
7f9cf72d7000-7f9cf72db000 ---p 00000000 00:00 0 
7f9cf72db000-7f9cf73d7000 rw-p 00000000 00:00 0 
7f9cf73d7000-7f9cf73ff000 r--p 00000000 08:20 38917                      /usr/lib/x86_64-linux-gnu/libc.so.6
7f9cf73ff000-7f9cf7594000 r-xp 00028000 08:20 38917                      /usr/lib/x86_64-linux-gnu/libc.so.6
7f9cf7594000-7f9cf75ec000 r--p 001bd000 08:20 38917                      /usr/lib/x86_64-linux-gnu/libc.so.6
7f9cf75ec000-7f9cf75ed000 ---p 00215000 08:20 38917                      /usr/lib/x86_64-linux-gnu/libc.so.6
7f9cf75ed000-7f9cf75f1000 r--p 00215000 08:20 38917                      /usr/lib/x86_64-linux-gnu/libc.so.6
7f9cf75f1000-7f9cf75f3000 rw-p 00219000 08:20 38917                      /usr/lib/x86_64-linux-gnu/libc.so.6
7f9cf75f3000-7f9cf7600000 rw-p 00000000 00:00 0 
7f9cf7600000-7f9cf7610000 r-xp 00000000 08:20 603653                     /java/jdk-11.0.2/lib/jli/libjli.so
7f9cf7610000-7f9cf780f000 ---p 00010000 08:20 603653                     /java/jdk-11.0.2/lib/jli/libjli.so
7f9cf780f000-7f9cf7810000 r--p 0000f000 08:20 603653                     /java/jdk-11.0.2/lib/jli/libjli.so
7f9cf7810000-7f9cf7811000 rw-p 00010000 08:20 603653                     /java/jdk-11.0.2/lib/jli/libjli.so
7f9cf7817000-7f9cf7878000 rw-p 00000000 00:00 0 
7f9cf7878000-7f9cf7881000 ---p 00000000 00:00 0 
7f9cf7881000-7f9cf7883000 r--s 00000000 08:20 78587                      /tmp/17401914373800525084932315219218023891507185199146.jar
7f9cf7883000-7f9cf788b000 rw-s 00000000 08:20 1180879                    /tmp/hsperfdata_root/306394
7f9cf788b000-7f9cf78e2000 r--p 00000000 08:20 85280                      /usr/lib/locale/C.utf8/LC_CTYPE
7f9cf78e2000-7f9cf78e3000 r--p 00000000 08:20 87936                      /usr/lib/locale/C.utf8/LC_NUMERIC
7f9cf78e3000-7f9cf78e4000 r--p 00000000 08:20 88010                      /usr/lib/locale/C.utf8/LC_TIME
7f9cf78e4000-7f9cf78e5000 r--p 00000000 08:20 85190                      /usr/lib/locale/C.utf8/LC_COLLATE
7f9cf78e5000-7f9cf78e6000 r--p 00000000 08:20 87727                      /usr/lib/locale/C.utf8/LC_MONETARY
7f9cf78e6000-7f9cf78e7000 r--p 00000000 08:20 87625                      /usr/lib/locale/C.utf8/LC_MESSAGES/SYS_LC_MESSAGES
7f9cf78e7000-7f9cf78e8000 r--p 00000000 08:20 87985                      /usr/lib/locale/C.utf8/LC_PAPER
7f9cf78e8000-7f9cf78e9000 r--p 00000000 08:20 87785                      /usr/lib/locale/C.utf8/LC_NAME
7f9cf78e9000-7f9cf78ea000 r--p 00000000 08:20 85178                      /usr/lib/locale/C.utf8/LC_ADDRESS
7f9cf78ea000-7f9cf78eb000 r--p 00000000 08:20 88004                      /usr/lib/locale/C.utf8/LC_TELEPHONE
7f9cf78eb000-7f9cf78ec000 r--p 00000000 08:20 60855                      /usr/lib/x86_64-linux-gnu/librt.so.1
7f9cf78ec000-7f9cf78ed000 r-xp 00001000 08:20 60855                      /usr/lib/x86_64-linux-gnu/librt.so.1
7f9cf78ed000-7f9cf78ee000 r--p 00002000 08:20 60855                      /usr/lib/x86_64-linux-gnu/librt.so.1
7f9cf78ee000-7f9cf78ef000 r--p 00002000 08:20 60855                      /usr/lib/x86_64-linux-gnu/librt.so.1
7f9cf78ef000-7f9cf78f0000 rw-p 00003000 08:20 60855                      /usr/lib/x86_64-linux-gnu/librt.so.1
7f9cf78f0000-7f9cf78fe000 r--p 00000000 08:20 38964                      /usr/lib/x86_64-linux-gnu/libm.so.6
7f9cf78fe000-7f9cf797a000 r-xp 0000e000 08:20 38964                      /usr/lib/x86_64-linux-gnu/libm.so.6
7f9cf797a000-7f9cf79d5000 r--p 0008a000 08:20 38964                      /usr/lib/x86_64-linux-gnu/libm.so.6
7f9cf79d5000-7f9cf79d6000 r--p 000e4000 08:20 38964                      /usr/lib/x86_64-linux-gnu/libm.so.6
7f9cf79d6000-7f9cf79d7000 rw-p 000e5000 08:20 38964                      /usr/lib/x86_64-linux-gnu/libm.so.6
7f9cf79d7000-7f9cf79db000 rw-p 00000000 00:00 0 
7f9cf79db000-7f9cf79dc000 r--p 00000000 08:20 38958                      /usr/lib/x86_64-linux-gnu/libdl.so.2
7f9cf79dc000-7f9cf79dd000 r-xp 00001000 08:20 38958                      /usr/lib/x86_64-linux-gnu/libdl.so.2
7f9cf79dd000-7f9cf79de000 r--p 00002000 08:20 38958                      /usr/lib/x86_64-linux-gnu/libdl.so.2
7f9cf79de000-7f9cf79df000 r--p 00002000 08:20 38958                      /usr/lib/x86_64-linux-gnu/libdl.so.2
7f9cf79df000-7f9cf79e0000 rw-p 00003000 08:20 38958                      /usr/lib/x86_64-linux-gnu/libdl.so.2
7f9cf79e0000-7f9cf79e1000 r--p 00000000 08:20 60848                      /usr/lib/x86_64-linux-gnu/libpthread.so.0
7f9cf79e1000-7f9cf79e2000 r-xp 00001000 08:20 60848                      /usr/lib/x86_64-linux-gnu/libpthread.so.0
7f9cf79e2000-7f9cf79e3000 r--p 00002000 08:20 60848                      /usr/lib/x86_64-linux-gnu/libpthread.so.0
7f9cf79e3000-7f9cf79e4000 r--p 00002000 08:20 60848                      /usr/lib/x86_64-linux-gnu/libpthread.so.0
7f9cf79e4000-7f9cf79e5000 rw-p 00003000 08:20 60848                      /usr/lib/x86_64-linux-gnu/libpthread.so.0
7f9cf79e5000-7f9cf79e7000 r--p 00000000 08:20 6877                       /usr/lib/x86_64-linux-gnu/libz.so.1.2.11
7f9cf79e7000-7f9cf79f8000 r-xp 00002000 08:20 6877                       /usr/lib/x86_64-linux-gnu/libz.so.1.2.11
7f9cf79f8000-7f9cf79fe000 r--p 00013000 08:20 6877                       /usr/lib/x86_64-linux-gnu/libz.so.1.2.11
7f9cf79fe000-7f9cf79ff000 ---p 00019000 08:20 6877                       /usr/lib/x86_64-linux-gnu/libz.so.1.2.11
7f9cf79ff000-7f9cf7a00000 r--p 00019000 08:20 6877                       /usr/lib/x86_64-linux-gnu/libz.so.1.2.11
7f9cf7a00000-7f9cf7a01000 rw-p 0001a000 08:20 6877                       /usr/lib/x86_64-linux-gnu/libz.so.1.2.11
7f9cf7a01000-7f9cf7a02000 r--p 00000000 08:20 85286                      /usr/lib/locale/C.utf8/LC_MEASUREMENT
7f9cf7a02000-7f9cf7a09000 r--s 00000000 08:20 65095                      /usr/lib/x86_64-linux-gnu/gconv/gconv-modules.cache
7f9cf7a09000-7f9cf7a0a000 ---p 00000000 00:00 0 
7f9cf7a0a000-7f9cf7a0b000 r--p 00000000 00:00 0 
7f9cf7a0b000-7f9cf7a0d000 rw-p 00000000 00:00 0 
7f9cf7a0d000-7f9cf7a0f000 r--p 00000000 08:20 38780                      /usr/lib/x86_64-linux-gnu/ld-linux-x86-64.so.2
7f9cf7a0f000-7f9cf7a39000 r-xp 00002000 08:20 38780                      /usr/lib/x86_64-linux-gnu/ld-linux-x86-64.so.2
7f9cf7a39000-7f9cf7a44000 r--p 0002c000 08:20 38780                      /usr/lib/x86_64-linux-gnu/ld-linux-x86-64.so.2
7f9cf7a44000-7f9cf7a45000 r--p 00000000 08:20 85281                      /usr/lib/locale/C.utf8/LC_IDENTIFICATION
7f9cf7a45000-7f9cf7a47000 r--p 00037000 08:20 38780                      /usr/lib/x86_64-linux-gnu/ld-linux-x86-64.so.2
7f9cf7a47000-7f9cf7a49000 rw-p 00039000 08:20 38780                      /usr/lib/x86_64-linux-gnu/ld-linux-x86-64.so.2
7fff4ea4c000-7fff4ea6e000 rw-p 00000000 00:00 0                          [stack]
7fff4eaa0000-7fff4eaa4000 r--p 00000000 00:00 0                          [vvar]
7fff4eaa4000-7fff4eaa6000 r-xp 00000000 00:00 0                          [vdso]


VM Arguments:
jvm_args: -Djava.awt.headless=true -javaagent:/tmp/17401914373800525084932315219218023891507185199146.jar -Dclassworlds.conf=/usr/share/maven/bin/m2.conf -Dmaven.home=/usr/share/maven -Dlibrary.jansi.path=/usr/share/maven/lib/jansi-native -Dmaven.multiModuleProjectDirectory=/code/concordia/SOEN-345-Lab/repo/compress/1f 
java_command: org.pitest.mutationtest.execute.MutationTestMinion 43091
java_class_path (initial): /code/concordia/SOEN-345-Lab/repo/compress/1f/target/test-classes:/code/concordia/SOEN-345-Lab/repo/compress/1f/target/classes:/root/.m2/repository/junit/junit/4.13.2/junit-4.13.2.jar:/root/.m2/repository/org/hamcrest/hamcrest-core/1.3/hamcrest-core-1.3.jar:/root/.m2/repository/org/pitest/pitest/1.7.3/pitest-1.7.3.jar
Launcher Type: SUN_STANDARD

[Global flags]
     intx CICompilerCount                          = 12                                        {product} {ergonomic}
     uint ConcGCThreads                            = 3                                         {product} {ergonomic}
     uint G1ConcRefinementThreads                  = 13                                        {product} {ergonomic}
   size_t G1HeapRegionSize                         = 1048576                                   {product} {ergonomic}
    uintx GCDrainStackTargetSize                   = 64                                        {product} {ergonomic}
   size_t InitialHeapSize                          = 125829120                                 {product} {ergonomic}
   size_t MarkStackSize                            = 4194304                                   {product} {ergonomic}
   size_t MaxHeapSize                              = 1998585856                                {product} {ergonomic}
   size_t MaxNewSize                               = 1198522368                                {product} {ergonomic}
   size_t MinHeapDeltaBytes                        = 1048576                                   {product} {ergonomic}
    uintx NonNMethodCodeHeapSize                   = 7591728                                {pd product} {ergonomic}
    uintx NonProfiledCodeHeapSize                  = 122033256                              {pd product} {ergonomic}
    uintx ProfiledCodeHeapSize                     = 122033256                              {pd product} {ergonomic}
    uintx ReservedCodeCacheSize                    = 251658240                              {pd product} {ergonomic}
     bool SegmentedCodeCache                       = true                                      {product} {ergonomic}
     bool UseCompressedClassPointers               = true                                 {lp64_product} {ergonomic}
     bool UseCompressedOops                        = true                                 {lp64_product} {ergonomic}
     bool UseG1GC                                  = true                                      {product} {ergonomic}

Logging:
Log output configuration:
 #0: stdout all=warning uptime,level,tags
 #1: stderr all=off uptime,level,tags

Environment Variables:
JAVA_HOME=/root/.sdkman/candidates/java/11.0.2-oracle
CLASSPATH=/code/concordia/SOEN-345-Lab/repo/compress/1f/target/test-classes:/code/concordia/SOEN-345-Lab/repo/compress/1f/target/classes:/root/.m2/repository/junit/junit/4.13.2/junit-4.13.2.jar:/root/.m2/repository/org/hamcrest/hamcrest-core/1.3/hamcrest-core-1.3.jar:/root/.m2/repository/org/pitest/pitest/1.7.3/pitest-1.7.3.jar
PATH=/root/gems/bin:/root/.pyenv/plugins/pyenv-virtualenv/shims:/root/.pyenv/shims:/root/.pyenv/bin:/root/.local/bin:/root/.vscode-server/bin/e54c774e0add60467559eb0d1e229c6452cf8447/bin/remote-cli:/root/.sdkman/candidates/java/11.0.2-oracle/bin:/root/gems/bin:/root/.pyenv/plugins/pyenv-virtualenv/shims:/root/.pyenv/bin:/root/.nvm/versions/node/v18.19.0/bin:/root/.local/bin:/root/.local/share/zinit/polaris/bin:/usr/local/sbin:/usr/local/bin:/usr/sbin:/usr/bin:/sbin:/bin:/usr/games:/usr/local/games:/usr/lib/wsl/lib:/mnt/c/Program Files/National Instruments/Shared/OpenVINO/:/mnt/c/Program Files/Java/jdk-17/bin:/mnt/c/Program Files/Common Files/Oracle/Java/javapath:/mnt/c/Program Files (x86)/Common Files/Oracle/Java/javapath:/mnt/c/Program Files/Eclipse Adoptium/jdk-17.0.5.8-hotspot/bin:/mnt/c/Program Files/Eclipse Adoptium/jdk-8.0.345.1-hotspot/bin:/mnt/c/Program Files/Eclipse Adoptium/jre-8.0.345.1-hotspot/bin:/mnt/c/Windows/system32:/mnt/c/Windows:/mnt/c/Windows/System32/Wbem:/mnt/c/Windows/System32/WindowsPowerShell/v1.0/:/mnt/c/Windows/System32/OpenSSH/:/mnt/c/Program Files (x86)/NVIDIA Corporation/PhysX/Common:/mnt/c/Program Files/NVIDIA Corporation/NVIDIA NvDLISR:/mnt/c/Program Files/PuTTY/:/mnt/c/Program Files/Microsoft VS Code/bin:/mnt/c/Program Files/Git/cmd:/mnt/c/Program Files/nodejs/:/mnt/c/WINDOWS/system32:/mnt/c/WINDOWS:/mnt/c/WINDOWS/System32/Wbem:/mnt/c/WINDOWS/System32/WindowsPowerShell/v1.0/:/mnt/c/WINDOWS/System32/OpenSSH/:/mnt/c/Strawberry/c/bin:/mnt/c/Strawberry/perl/site/bin:/mnt/c/Strawberry/perl/bin:/mnt/c/Program Files (x86)/Windows Kits/10/Windows Performance Toolkit/:/mnt/c/Program Files/Graphviz/bin:/mnt/c/Program Files/doxygen/bin:/mnt/c/Users/natha/AppData/Local/Programs/Python/Python312/Scripts/:/mnt/c/Users/natha/AppData/Local/Programs/Python/Python312/:/mnt/c/Users/natha/AppData/Local/Programs/Python/Python311/Scripts/:/mnt/c/Users/natha/AppData/Local/Programs/Python/Python311/:/mnt/c/Users/natha/AppData/Local/Microsoft/WindowsApps:/mnt/c
SHELL=/usr/bin/zsh
DISPLAY=:0
HOSTTYPE=x86_64

Signal Handlers:
SIGSEGV: [libjvm.so+0xe28d40], sa_mask[0]=11111111011111111101111111111110, sa_flags=SA_RESTART|SA_SIGINFO
SIGBUS: [libjvm.so+0xe28d40], sa_mask[0]=11111111011111111101111111111110, sa_flags=SA_RESTART|SA_SIGINFO
SIGFPE: [libjvm.so+0xe28d40], sa_mask[0]=11111111011111111101111111111110, sa_flags=SA_RESTART|SA_SIGINFO
SIGPIPE: [libjvm.so+0xbfd500], sa_mask[0]=11111111011111111101111111111110, sa_flags=SA_RESTART|SA_SIGINFO
SIGXFSZ: [libjvm.so+0xbfd500], sa_mask[0]=11111111011111111101111111111110, sa_flags=SA_RESTART|SA_SIGINFO
SIGILL: [libjvm.so+0xe28d40], sa_mask[0]=11111111011111111101111111111110, sa_flags=SA_RESTART|SA_SIGINFO
SIGUSR2: [libjvm.so+0xbfd3a0], sa_mask[0]=00100000000000000000000000000000, sa_flags=SA_RESTART|SA_SIGINFO
SIGHUP: [libjvm.so+0xbfd700], sa_mask[0]=11111111011111111101111111111110, sa_flags=SA_RESTART|SA_SIGINFO
SIGINT: [libjvm.so+0xbfd700], sa_mask[0]=11111111011111111101111111111110, sa_flags=SA_RESTART|SA_SIGINFO
SIGTERM: [libjvm.so+0xbfd700], sa_mask[0]=11111111011111111101111111111110, sa_flags=SA_RESTART|SA_SIGINFO
SIGQUIT: [libjvm.so+0xbfd700], sa_mask[0]=11111111011111111101111111111110, sa_flags=SA_RESTART|SA_SIGINFO


---------------  S Y S T E M  ---------------

OS:DISTRIB_ID=Ubuntu
DISTRIB_RELEASE=22.04
DISTRIB_CODENAME=jammy
DISTRIB_DESCRIPTION="Ubuntu 22.04.5 LTS"
uname:Linux 5.15.150.1-microsoft-standard-WSL2 #1 SMP Thu Mar 7 03:22:57 UTC 2024 x86_64
libc:glibc 2.35 NPTL 2.35 
rlimit: STACK 8192k, CORE 0k, NPROC 30447, NOFILE 1048576, AS infinity, DATA infinity, FSIZE infinity
load average:1.61 1.67 1.70

/proc/meminfo:
MemTotal:        7801180 kB
MemFree:          123704 kB
MemAvailable:    4405336 kB
Buffers:         1053844 kB
Cached:          3193388 kB
SwapCached:          412 kB
Active:          1251096 kB
Inactive:        5678340 kB
Active(anon):      10980 kB
Inactive(anon):  2687120 kB
Active(file):    1240116 kB
Inactive(file):  2991220 kB
Unevictable:           0 kB
Mlocked:               0 kB
SwapTotal:       2097152 kB
SwapFree:        2081184 kB
Dirty:            324676 kB
Writeback:         65636 kB
AnonPages:       2605524 kB
Mapped:           197196 kB
Shmem:             15628 kB
KReclaimable:     349772 kB
Slab:             441528 kB
SReclaimable:     349772 kB
SUnreclaim:        91756 kB
KernelStack:       10448 kB
PageTables:        36088 kB
NFS_Unstable:          0 kB
Bounce:                0 kB
WritebackTmp:          0 kB
CommitLimit:     5997740 kB
Committed_AS:    3849576 kB
VmallocTotal:   34359738367 kB
VmallocUsed:       32636 kB
VmallocChunk:          0 kB
Percpu:             8576 kB
AnonHugePages:   1132544 kB
ShmemHugePages:        0 kB
ShmemPmdMapped:        0 kB
FileHugePages:         0 kB
FilePmdMapped:         0 kB
HugePages_Total:       0
HugePages_Free:        0
HugePages_Rsvd:        0
HugePages_Surp:        0
Hugepagesize:       2048 kB
Hugetlb:               0 kB
DirectMap4k:      185344 kB
DirectMap2M:     5767168 kB
DirectMap1G:    10485760 kB


/proc/sys/kernel/threads-max (system-wide limit on the number of threads):
60895


/proc/sys/vm/max_map_count (maximum number of memory map areas a process may have):
65530


/proc/sys/kernel/pid_max (system-wide limit on number of process identifiers):
4194304



container (cgroup) information:
container_type: cgroupv1
cpu_cpuset_cpus: 0-15
cpu_memory_nodes: 0
active_processor_count: 16
cpu_quota: -1
cpu_period: 100000
cpu_shares: -1
memory_limit_in_bytes: -1
memory_and_swap_limit_in_bytes: -1
memory_soft_limit_in_bytes: -1
memory_usage_in_bytes: 7018090496
memory_max_usage_in_bytes: 1033207808


CPU:total 16 (initial active 16) (16 cores per cpu, 2 threads per core) family 25 model 80 stepping 0, cmov, cx8, fxsr, mmx, sse, sse2, sse3, ssse3, sse4.1, sse4.2, popcnt, avx, avx2, aes, clmul, erms, mmxext, 3dnowpref, lzcnt, sse4a, ht, tsc, tscinvbit, tscinv, bmi1, bmi2, adx, sha, fma
CPU Model and flags from /proc/cpuinfo:
model name	: AMD Ryzen 7 5825U with Radeon Graphics
flags		: fpu vme de pse tsc msr pae mce cx8 apic sep mtrr pge mca cmov pat pse36 clflush mmx fxsr sse sse2 ht syscall nx mmxext fxsr_opt pdpe1gb rdtscp lm constant_tsc rep_good nopl tsc_reliable nonstop_tsc cpuid extd_apicid pni pclmulqdq ssse3 fma cx16 sse4_1 sse4_2 movbe popcnt aes xsave avx f16c rdrand hypervisor lahf_lm cmp_legacy svm cr8_legacy abm sse4a misalignsse 3dnowprefetch osvw topoext perfctr_core ssbd ibrs ibpb stibp vmmcall fsgsbase bmi1 avx2 smep bmi2 erms invpcid rdseed adx smap clflushopt clwb sha_ni xsaveopt xsavec xgetbv1 xsaves clzero xsaveerptr arat npt nrip_save tsc_scale vmcb_clean flushbyasid decodeassists pausefilter pfthreshold v_vmsave_vmload umip vaes vpclmulqdq rdpid fsrm

Memory: 4k page, physical 7801180k(123704k free), swap 2097152k(2081184k free)

vm_info: OpenJDK 64-Bit Server VM (11.0.2+9) for linux-amd64 JRE (11.0.2+9), built on Jan 17 2019 21:18:23 by "mach5one" with gcc 7.3.0

END.
